99.01.30 19:19 B C:\Download\SoftWorlds\ifish\abalone1.jpg --> www.adventuregamer.com /sw/ifish abalone1.jpg
99.01.30 19:20 B C:\Download\SoftWorlds\ifish\alienoatmeal.jpg --> www.adventuregamer.com /sw/ifish alienoatmeal.jpg
99.01.30 19:20 B C:\Download\SoftWorlds\ifish\aquatic_slop.jpg --> www.adventuregamer.com /sw/ifish aquatic_slop.jpg
99.01.30 19:20 B C:\Download\SoftWorlds\ifish\blackstrings.jpg --> www.adventuregamer.com /sw/ifish blackstrings.jpg
99.01.30 19:20 B C:\Download\SoftWorlds\ifish\bluebulge.jpg --> www.adventuregamer.com /sw/ifish bluebulge.jpg
99.01.30 19:20 B C:\Download\SoftWorlds\ifish\bluelagoon.jpg --> www.adventuregamer.com /sw/ifish bluelagoon.jpg
99.01.30 19:20 B C:\Download\SoftWorlds\ifish\blueshift_meltdown.jpg --> www.adventuregamer.com /sw/ifish blueshift_meltdown.jpg
99.01.30 19:20 B C:\Download\SoftWorlds\ifish\bronze_tornado.jpg --> www.adventuregamer.com /sw/ifish bronze_tornado.jpg
99.01.30 19:20 B C:\Download\SoftWorlds\ifish\chlorine_pool.jpg --> www.adventuregamer.com /sw/ifish chlorine_pool.jpg
99.01.30 19:20 B C:\Download\SoftWorlds\ifish\clay_caverns.jpg --> www.adventuregamer.com /sw/ifish clay_caverns.jpg
99.01.30 19:20 B C:\Download\SoftWorlds\ifish\digital_terrain.jpg --> www.adventuregamer.com /sw/ifish digital_terrain.jpg
99.01.30 19:20 B C:\Download\SoftWorlds\ifish\electric_nebula.jpg --> www.adventuregamer.com /sw/ifish electric_nebula.jpg
99.01.30 19:20 B C:\Download\SoftWorlds\ifish\glazed_globules.jpg --> www.adventuregamer.com /sw/ifish glazed_globules.jpg
99.01.30 19:21 B C:\Download\SoftWorlds\ifish\liquid_helium.jpg --> www.adventuregamer.com /sw/ifish liquid_helium.jpg
99.01.30 19:21 B C:\Download\SoftWorlds\ifish\metal_beads.jpg --> www.adventuregamer.com /sw/ifish metal_beads.jpg
99.01.30 19:21 B C:\Download\SoftWorlds\ifish\nuclear_coral.jpg --> www.adventuregamer.com /sw/ifish nuclear_coral.jpg
99.01.30 19:21 B C:\Download\SoftWorlds\ifish\odd_atmosphere.jpg --> www.adventuregamer.com /sw/ifish odd_atmosphere.jpg
99.01.30 19:21 B C:\Download\SoftWorlds\ifish\olive_fossils.jpg --> www.adventuregamer.com /sw/ifish olive_fossils.jpg
99.01.30 19:21 B C:\Download\SoftWorlds\ifish\rubber_cds.jpg --> www.adventuregamer.com /sw/ifish rubber_cds.jpg
99.01.30 19:21 B C:\Download\SoftWorlds\ifish\scraped_metal.jpg --> www.adventuregamer.com /sw/ifish scraped_metal.jpg
99.01.30 19:21 B C:\Download\SoftWorlds\ifish\sloppy_origami.jpg --> www.adventuregamer.com /sw/ifish sloppy_origami.jpg
99.01.30 19:21 B C:\Download\SoftWorlds\ifish\sonic_ripple.jpg --> www.adventuregamer.com /sw/ifish sonic_ripple.jpg
99.01.30 19:21 B C:\Download\SoftWorlds\ifish\spinach_swamp.jpg --> www.adventuregamer.com /sw/ifish spinach_swamp.jpg
99.01.30 19:21 B C:\Download\SoftWorlds\ifish\vapor_ripple.jpg --> www.adventuregamer.com /sw/ifish vapor_ripple.jpg
99.01.30 19:21 B C:\Download\SoftWorlds\ifish\wicker_basket.jpg --> www.adventuregamer.com /sw/ifish wicker_basket.jpg
